<?xml version="1.0" encoding="utf-8"?><testsuites name="pytest tests"><testsuite name="pytest" errors="0" failures="0" skipped="0" tests="40" time="8.078" timestamp="2026-08-08T19:26:27.286168+00:00" hostname="agent-env-5b45760c-001d-4a6a-a25c-31a37f18fcbf"><testcase classname="tests.test_iteration3_rbac_stock.TestAdminUsers" name="test_create_products_editor" time="1.896" /><testcase classname="tests.test_billy_store.TestPromos" name="test_create_percent_promo_uppercased" time="0.855" /><testcase classname="tests.test_billy_store.TestPromos" name="test_create_fixed_promo" time="0.044" /><testcase classname="tests.test_billy_store.TestPromos" name="test_create_expired_promo" time="0.271" /><testcase classname="tests.test_billy_store.TestPromos" name="test_list_promos" time="0.046" /><testcase classname="tests.test_billy_store.TestPromos" name="test_apply_percent_promo" time="0.044" /><testcase classname="tests.test_billy_store.TestPromos" name="test_apply_fixed_promo" time="0.044" /><testcase classname="tests.test_billy_store.TestPromos" name="test_apply_below_min_subtotal" time="0.049" /><testcase classname="tests.test_billy_store.TestPromos" name="test_apply_expired_promo" time="0.043" /><testcase classname="tests.test_billy_store.TestPromos" name="test_apply_unknown_promo" time="0.045" /><testcase classname="tests.test_billy_store.TestPromos" name="test_delete_promos_cleanup" time="0.167" /><testcase classname="tests.test_billy_store.TestAuth" name="test_login_success" time="0.317" /><testcase classname="tests.test_iteration3_rbac_stock.TestAdminUsers" name="test_create_orders_manager" time="1.382" /><testcase classname="tests.test_billy_store.TestAuth" name="test_login_wrong_password" time="0.265" /><testcase classname="tests.test_billy_store.TestAuth" name="test_auth_me_with_jwt" time="0.233" /><testcase classname="tests.test_billy_store.TestAuth" name="test_auth_me_without_token" time="0.102" /><testcase classname="tests.test_billy_store.TestAdminProducts" name="test_create_product" time="0.275" /><testcase classname="tests.test_billy_store.TestAdminProducts" name="test_update_product" time="0.088" /><testcase classname="tests.test_billy_store.TestAdminProducts" name="test_delete_product" time="0.124" /><testcase classname="tests.test_billy_store.TestAdminProducts" name="test_create_product_no_auth" time="0.101" /><testcase classname="tests.test_billy_store.TestOrders" name="test_flutterwave_returns_503_when_not_configured" time="0.154" /><testcase classname="tests.test_iteration3_rbac_stock.TestAdminUsers" name="test_invalid_role_400" time="0.095" /><testcase classname="tests.test_billy_store.TestOrders" name="test_orange_money_order_works" time="0.190" /><testcase classname="tests.test_iteration3_rbac_stock.TestAdminUsers" name="test_list_admin_users_no_password_hash" time="0.097" /><testcase classname="tests.test_billy_store.TestOrders" name="test_patch_order_status" time="0.414" /><testcase classname="tests.test_iteration3_rbac_stock.TestAdminUsers" name="test_patch_role" time="0.611" /><testcase classname="tests.test_billy_store.TestOrders" name="test_patch_order_invalid_status" time="0.196" /><testcase classname="tests.test_iteration3_rbac_stock.TestAdminUsers" name="test_cannot_delete_self" time="0.288" /><testcase classname="tests.test_iteration3_rbac_stock.TestStock" name="test_stock_decrement_success" time="0.634" /><testcase classname="tests.test_iteration3_rbac_stock.TestAdminUsers" name="test_delete_user" time="0.446" /><testcase classname="tests.test_iteration3_rbac_stock.TestStock" name="test_insufficient_stock_409" time="0.455" /><testcase classname="tests.test_iteration3_rbac_stock.TestAdminUsers" name="test_cleanup_created_users" time="0.518" /><testcase classname="tests.test_iteration3_rbac_stock.TestStock" name="test_multi_item_rollback" time="0.794" /><testcase classname="tests.test_billy_store.TestAdminOrders" name="test_orders_requires_auth" time="0.094" /><testcase classname="tests.test_billy_store.TestAdminOrders" name="test_orders_list_with_jwt" time="0.372" /><testcase classname="tests.test_iteration3_rbac_stock.TestEmailSilentSkip" name="test_order_succeeds_without_resend_key" time="0.206" /><testcase classname="tests.test_billy_store" name="test_root" time="0.040" /><testcase classname="tests.test_iteration3_rbac_stock.TestExistingAdminRoleBackfill" name="test_jwt_admin_is_super" time="0.692" /><testcase classname="tests.test_iteration3_rbac_stock.TestAuthMeRolePerms" name="test_super_admin_role_and_perms" time="0.586" /><testcase classname="tests.test_iteration3_rbac_stock.TestPromoUsesIncrement" name="test_promo_uses_bumped" time="0.834" /></testsuite></testsuites>