<?xml version="1.0" encoding="utf-8"?><testsuites name="pytest tests"><testsuite name="pytest" errors="0" failures="0" skipped="0" tests="25" time="2.841" timestamp="2026-08-08T19:03:43.413795+00:00" hostname="agent-env-5b45760c-001d-4a6a-a25c-31a37f18fcbf"><testcase classname="tests.test_billy_store.TestAuth" name="test_login_success" time="0.432" /><testcase classname="tests.test_billy_store.TestAuth" name="test_login_wrong_password" time="0.462" /><testcase classname="tests.test_billy_store.TestPromos" name="test_create_percent_promo_uppercased" time="0.899" /><testcase classname="tests.test_billy_store.TestPromos" name="test_create_fixed_promo" time="0.265" /><testcase classname="tests.test_billy_store.TestPromos" name="test_create_expired_promo" time="0.054" /><testcase classname="tests.test_billy_store.TestAuth" name="test_auth_me_with_jwt" time="0.389" /><testcase classname="tests.test_billy_store.TestPromos" name="test_list_promos" time="0.052" /><testcase classname="tests.test_billy_store.TestPromos" name="test_apply_percent_promo" time="0.051" /><testcase classname="tests.test_billy_store.TestAuth" name="test_auth_me_without_token" time="0.219" /><testcase classname="tests.test_billy_store.TestPromos" name="test_apply_fixed_promo" time="0.052" /><testcase classname="tests.test_billy_store.TestPromos" name="test_apply_below_min_subtotal" time="0.053" /><testcase classname="tests.test_billy_store.TestPromos" name="test_apply_expired_promo" time="0.047" /><testcase classname="tests.test_billy_store.TestPromos" name="test_apply_unknown_promo" time="0.052" /><testcase classname="tests.test_billy_store.TestAdminProducts" name="test_create_product" time="0.127" /><testcase classname="tests.test_billy_store.TestPromos" name="test_delete_promos_cleanup" time="0.173" /><testcase classname="tests.test_billy_store.TestAdminProducts" name="test_update_product" time="0.166" /><testcase classname="tests.test_billy_store.TestOrders" name="test_flutterwave_returns_503_when_not_configured" time="0.059" /><testcase classname="tests.test_billy_store.TestOrders" name="test_orange_money_order_works" time="0.101" /><testcase classname="tests.test_billy_store.TestAdminProducts" name="test_delete_product" time="0.164" /><testcase classname="tests.test_billy_store.TestOrders" name="test_patch_order_status" time="0.153" /><testcase classname="tests.test_billy_store.TestAdminProducts" name="test_create_product_no_auth" time="0.097" /><testcase classname="tests.test_billy_store.TestOrders" name="test_patch_order_invalid_status" time="0.149" /><testcase classname="tests.test_billy_store.TestAdminOrders" name="test_orders_requires_auth" time="0.113" /><testcase classname="tests.test_billy_store" name="test_root" time="0.052" /><testcase classname="tests.test_billy_store.TestAdminOrders" name="test_orders_list_with_jwt" time="0.045" /></testsuite></testsuites>